INFO:     127.0.0.1:50142 - "OPTIONS /api/analyze HTTP/1.1" 200 OK
[SCRAPE] Scraping https://m38dparfum.com...
[SCRAPE] OK — 82374 chars HTML, 3 screenshots
[STRATEGIST] Running strategic analysis...

==================================================
STRATEGIST AGENT IS ANALYZING...
==================================================

[STRATEGIST] completed in 73.8s
[STRATEGIST] OK — 9200 chars
[DESIGNER] Running UI/UX design...

==================================================
DESIGNER AGENT IS REDESIGNING COMPONENTS...
==================================================

[DESIGNER] completed in 206.3s
[DESIGNER] OK — 14302 chars
[DEVELOPER] Generating code via TinyKit...

==================================================
DEVELOPER AGENT IS BUILDING IN TINYKIT...
==================================================

[TINYKIT] Created project 0lie6l1g11y4agc
[TINYKIT] Stored 42217 chars in project 0lie6l1g11y4agc
[DEVELOPER] completed in 134.4s
[DEVELOPER] OK — 42217 chars
[QA] Review attempt 1/2...
